BatteryInfo/app/build/outputs/apk/manifest-merger-debug-report.txt
-- Merging decision tree log ---
manifest
ADDED from AndroidManifest.xml:2:1
	package
		ADDED from AndroidManifest.xml:3:5
		INJECTED from AndroidManifest.xml:0:0
		INJECTED from AndroidManifest.xml:0:0
	android:versionName
		INJECTED from AndroidManifest.xml:0:0
		INJECTED from AndroidManifest.xml:0:0
	xmlns:android
		ADDED from AndroidManifest.xml:2:11
	android:versionCode
		INJECTED from AndroidManifest.xml:0:0
		INJECTED from AndroidManifest.xml:0:0
application
ADDED from AndroidManifest.xml:5:5
MERGED from com.android.support:appcompat-v7:24.2.0:25:5
MERGED from com.android.support:support-vector-drawable:24.2.0:23:5
MERGED from com.android.support:support-compat:24.2.0:25:5
MERGED from com.android.support:animated-vector-drawable:24.2.0:22:5
MERGED from com.android.support:support-vector-drawable:24.2.0:23:5
MERGED from com.android.support:support-compat:24.2.0:25:5
MERGED from com.android.support:support-v4:24.2.0:25:5
MERGED from com.android.support:support-compat:24.2.0:25:5
MERGED from com.android.support:support-core-utils:24.2.0:25:5
MERGED from com.android.support:support-compat:24.2.0:25:5
MERGED from com.android.support:support-media-compat:24.2.0:25:5
MERGED from com.android.support:support-compat:24.2.0:25:5
MERGED from com.android.support:support-core-ui:24.2.0:25:5
MERGED from com.android.support:support-compat:24.2.0:25:5
MERGED from com.android.support:support-fragment:24.2.0:25:5
MERGED from com.android.support:support-compat:24.2.0:25:5
MERGED from com.android.support:support-core-utils:24.2.0:25:5
MERGED from com.android.support:support-compat:24.2.0:25:5
MERGED from com.android.support:support-media-compat:24.2.0:25:5
MERGED from com.android.support:support-compat:24.2.0:25:5
MERGED from com.android.support:support-core-ui:24.2.0:25:5
MERGED from com.android.support:support-compat:24.2.0:25:5
	android:label
		ADDED from AndroidManifest.xml:8:9
	android:allowBackup
		ADDED from AndroidManifest.xml:6:9
	android:icon
		ADDED from AndroidManifest.xml:7:9
	android:theme
		ADDED from AndroidManifest.xml:9:9
activity#com.guang.batteryinfo.MainActivity
ADDED from AndroidManifest.xml:10:9
	android:label
		ADDED from AndroidManifest.xml:12:13
	android:name
		ADDED from AndroidManifest.xml:11:13
intent-filter#android.intent.action.MAIN+android.intent.category.LAUNCHER
ADDED from AndroidManifest.xml:13:13
action#android.intent.action.MAIN
ADDED from AndroidManifest.xml:14:17
	android:name
		ADDED from AndroidManifest.xml:14:25
category#android.intent.category.LAUNCHER
ADDED from AndroidManifest.xml:16:17
	android:name
		ADDED from AndroidManifest.xml:16:27
receiver#com.guang.batteryinfo.BatteryInfoBroadcastReceiver
ADDED from AndroidManifest.xml:19:9
	android:name
		ADDED from AndroidManifest.xml:19:19
intent-filter#android.intent.action.BATTERY_CHANGED+android.intent.action.BATTERY_LOW
ADDED from AndroidManifest.xml:20:13
	android:priority
		ADDED from AndroidManifest.xml:20:28
action#android.intent.action.BATTERY_LOW
ADDED from AndroidManifest.xml:21:17
	android:name
		ADDED from AndroidManifest.xml:21:25
action#android.intent.action.BATTERY_CHANGED
ADDED from AndroidManifest.xml:22:17
	android:name
		ADDED from AndroidManifest.xml:22:25
uses-sdk
INJECTED from AndroidManifest.xml:0:0 reason: use-sdk injection requested
MERGED from com.android.support:appcompat-v7:24.2.0:21:5
MERGED from com.android.support:support-vector-drawable:24.2.0:21:5
MERGED from com.android.support:support-compat:24.2.0:21:5
MERGED from com.android.support:animated-vector-drawable:24.2.0:20:5
MERGED from com.android.support:support-vector-drawable:24.2.0:21:5
MERGED from com.android.support:support-compat:24.2.0:21:5
MERGED from com.android.support:support-v4:24.2.0:21:5
MERGED from com.android.support:support-compat:24.2.0:21:5
MERGED from com.android.support:support-core-utils:24.2.0:21:5
MERGED from com.android.support:support-compat:24.2.0:21:5
MERGED from com.android.support:support-media-compat:24.2.0:21:5
MERGED from com.android.support:support-compat:24.2.0:21:5
MERGED from com.android.support:support-core-ui:24.2.0:21:5
MERGED from com.android.support:support-compat:24.2.0:21:5
MERGED from com.android.support:support-fragment:24.2.0:21:5
MERGED from com.android.support:support-compat:24.2.0:21:5
MERGED from com.android.support:support-core-utils:24.2.0:21:5
MERGED from com.android.support:support-compat:24.2.0:21:5
MERGED from com.android.support:support-media-compat:24.2.0:21:5
MERGED from com.android.support:support-compat:24.2.0:21:5
MERGED from com.android.support:support-core-ui:24.2.0:21:5
MERGED from com.android.support:support-compat:24.2.0:21:5
	tools:overrideLibrary
		ADDED from com.android.support:appcompat-v7:24.2.0:23:9
	android:targetSdkVersion
		INJECTED from AndroidManifest.xml:0:0
		INJECTED from AndroidManifest.xml:0:0
	android:minSdkVersion
		INJECTED from AndroidManifest.xml:0:0
		INJECTED from AndroidManifest.xml:0:0